[INFO][main][2017-12-03 15:17:19][org.springframework.test.context.support.AbstractTestContextBootstrapper] - Loaded default TestExecutionListener class names from location [META-INF/spring.factories]: [org.springframework.test.context.web.ServletTestExecutionListener, org.springframework.test.context.support.DirtiesContextBeforeModesTestExecutionListener, org.springframework.test.context.support.DependencyInjectionTestExecutionListener, org.springframework.test.context.support.DirtiesContextTestExecutionListener, org.springframework.test.context.transaction.TransactionalTestExecutionListener, org.springframework.test.context.jdbc.SqlScriptsTestExecutionListener]
[INFO][main][2017-12-03 15:17:19][org.springframework.test.context.support.AbstractTestContextBootstrapper] - Using TestExecutionListeners: [org.springframework.test.context.web.ServletTestExecutionListener@3532ec19, org.springframework.test.context.support.DirtiesContextBeforeModesTestExecutionListener@68c4039c, org.springframework.test.context.support.DependencyInjectionTestExecutionListener@ae45eb6, org.springframework.test.context.support.DirtiesContextTestExecutionListener@59f99ea, org.springframework.test.context.transaction.TransactionalTestExecutionListener@27efef64, org.springframework.test.context.jdbc.SqlScriptsTestExecutionListener@6f7fd0e6]
[INFO][main][2017-12-03 15:17:19][org.springframework.beans.factory.xml.XmlBeanDefinitionReader] - Loading XML bean definitions from class path resource [spring-mybatis.xml]
[INFO][main][2017-12-03 15:17:19][org.springframework.context.support.AbstractApplicationContext] - Refreshing org.springframework.context.support.GenericApplicationContext@66480dd7: startup date [Sun Dec 03 15:17:19 CST 2017]; root of context hierarchy
[INFO][MLog-Init-Reporter][2017-12-03 15:17:20][com.mchange.v2.log.slf4j.Slf4jMLog$Slf4jMLogger$InfoLogger] - MLog clients using slf4j logging.
[INFO][main][2017-12-03 15:17:21][com.mchange.v2.log.slf4j.Slf4jMLog$Slf4jMLogger$InfoLogger] - Initializing c3p0-0.9.5.2 [built 08-December-2015 22:06:04 -0800; debug? true; trace: 10]
[INFO][Thread-1][2017-12-03 15:17:22][org.springframework.context.support.AbstractApplicationContext] - Closing org.springframework.context.support.GenericApplicationContext@66480dd7: startup date [Sun Dec 03 15:17:19 CST 2017]; root of context hierarchy
[INFO][main][2017-12-03 15:17:39][org.springframework.test.context.support.AbstractTestContextBootstrapper] - Loaded default TestExecutionListener class names from location [META-INF/spring.factories]: [org.springframework.test.context.web.ServletTestExecutionListener, org.springframework.test.context.support.DirtiesContextBeforeModesTestExecutionListener, org.springframework.test.context.support.DependencyInjectionTestExecutionListener, org.springframework.test.context.support.DirtiesContextTestExecutionListener, org.springframework.test.context.transaction.TransactionalTestExecutionListener, org.springframework.test.context.jdbc.SqlScriptsTestExecutionListener]
[INFO][main][2017-12-03 15:17:39][org.springframework.test.context.support.AbstractTestContextBootstrapper] - Using TestExecutionListeners: [org.springframework.test.context.web.ServletTestExecutionListener@3532ec19, org.springframework.test.context.support.DirtiesContextBeforeModesTestExecutionListener@68c4039c, org.springframework.test.context.support.DependencyInjectionTestExecutionListener@ae45eb6, org.springframework.test.context.support.DirtiesContextTestExecutionListener@59f99ea, org.springframework.test.context.transaction.TransactionalTestExecutionListener@27efef64, org.springframework.test.context.jdbc.SqlScriptsTestExecutionListener@6f7fd0e6]
[INFO][main][2017-12-03 15:17:39][org.springframework.beans.factory.xml.XmlBeanDefinitionReader] - Loading XML bean definitions from class path resource [spring-mybatis.xml]
[INFO][main][2017-12-03 15:17:40][org.springframework.context.support.AbstractApplicationContext] - Refreshing org.springframework.context.support.GenericApplicationContext@66480dd7: startup date [Sun Dec 03 15:17:40 CST 2017]; root of context hierarchy
[INFO][MLog-Init-Reporter][2017-12-03 15:17:41][com.mchange.v2.log.slf4j.Slf4jMLog$Slf4jMLogger$InfoLogger] - MLog clients using slf4j logging.
[INFO][main][2017-12-03 15:17:41][com.mchange.v2.log.slf4j.Slf4jMLog$Slf4jMLogger$InfoLogger] - Initializing c3p0-0.9.5.2 [built 08-December-2015 22:06:04 -0800; debug? true; trace: 10]
[INFO][main][2017-12-03 15:17:43][com.mchange.v2.log.slf4j.Slf4jMLog$Slf4jMLogger$InfoLogger] - Initializing c3p0 pool... com.mchange.v2.c3p0.ComboPooledDataSource [ acquireIncrement -> 3, acquireRetryAttempts -> 30, acquireRetryDelay -> 1000, autoCommitOnClose -> false, automaticTestTable -> null, breakAfterAcquireFailure -> false, checkoutTimeout -> 0, connectionCustomizerClassName -> null, connectionTesterClassName -> com.mchange.v2.c3p0.impl.DefaultConnectionTester, contextClassLoaderSource -> caller, dataSourceName -> 2t3zi59s7k2iq5o9ca22|fbd1f6, debugUnreturnedConnectionStackTraces -> false, description -> null, driverClass -> com.mysql.jdbc.Driver, extensions -> {}, factoryClassLocation -> null, forceIgnoreUnresolvedTransactions -> false, forceSynchronousCheckins -> false, forceUseNamedDriverClass -> false, identityToken -> 2t3zi59s7k2iq5o9ca22|fbd1f6, idleConnectionTestPeriod -> 0, initialPoolSize -> 3, jdbcUrl -> jdbc:mysql://localhost:3306/tiantiantao?useUnicode=true&characterEncoding=UTF-8, maxAdministrativeTaskTime -> 0, maxConnectionAge -> 0, maxIdleTime -> 0, maxIdleTimeExcessConnections -> 0, maxPoolSize -> 15, maxStatements -> 0, maxStatementsPerConnection -> 0, minPoolSize -> 3, numHelperThreads -> 3, preferredTestQuery -> null, privilegeSpawnedThreads -> false, properties -> {user=******, password=******}, propertyCycle -> 0, statementCacheNumDeferredCloseThreads -> 0, testConnectionOnCheckin -> false, testConnectionOnCheckout -> false, unreturnedConnectionTimeout -> 0, userOverrides -> {}, usesTraditionalReflectiveProxies -> false ]
[INFO][Thread-1][2017-12-03 15:17:43][org.springframework.context.support.AbstractApplicationContext] - Closing org.springframework.context.support.GenericApplicationContext@66480dd7: startup date [Sun Dec 03 15:17:40 CST 2017]; root of context hierarchy
[INFO][main][2017-12-03 15:18:10][org.springframework.test.context.support.AbstractTestContextBootstrapper] - Loaded default TestExecutionListener class names from location [META-INF/spring.factories]: [org.springframework.test.context.web.ServletTestExecutionListener, org.springframework.test.context.support.DirtiesContextBeforeModesTestExecutionListener, org.springframework.test.context.support.DependencyInjectionTestExecutionListener, org.springframework.test.context.support.DirtiesContextTestExecutionListener, org.springframework.test.context.transaction.TransactionalTestExecutionListener, org.springframework.test.context.jdbc.SqlScriptsTestExecutionListener]
[INFO][main][2017-12-03 15:18:10][org.springframework.test.context.support.AbstractTestContextBootstrapper] - Using TestExecutionListeners: [org.springframework.test.context.web.ServletTestExecutionListener@3532ec19, org.springframework.test.context.support.DirtiesContextBeforeModesTestExecutionListener@68c4039c, org.springframework.test.context.support.DependencyInjectionTestExecutionListener@ae45eb6, org.springframework.test.context.support.DirtiesContextTestExecutionListener@59f99ea, org.springframework.test.context.transaction.TransactionalTestExecutionListener@27efef64, org.springframework.test.context.jdbc.SqlScriptsTestExecutionListener@6f7fd0e6]
[INFO][main][2017-12-03 15:18:10][org.springframework.beans.factory.xml.XmlBeanDefinitionReader] - Loading XML bean definitions from class path resource [spring-mybatis.xml]
[INFO][main][2017-12-03 15:18:10][org.springframework.context.support.AbstractApplicationContext] - Refreshing org.springframework.context.support.GenericApplicationContext@66480dd7: startup date [Sun Dec 03 15:18:10 CST 2017]; root of context hierarchy
[INFO][MLog-Init-Reporter][2017-12-03 15:18:11][com.mchange.v2.log.slf4j.Slf4jMLog$Slf4jMLogger$InfoLogger] - MLog clients using slf4j logging.
[INFO][main][2017-12-03 15:18:11][com.mchange.v2.log.slf4j.Slf4jMLog$Slf4jMLogger$InfoLogger] - Initializing c3p0-0.9.5.2 [built 08-December-2015 22:06:04 -0800; debug? true; trace: 10]
[INFO][main][2017-12-03 15:18:12][com.mchange.v2.log.slf4j.Slf4jMLog$Slf4jMLogger$InfoLogger] - Initializing c3p0 pool... com.mchange.v2.c3p0.ComboPooledDataSource [ acquireIncrement -> 3, acquireRetryAttempts -> 30, acquireRetryDelay -> 1000, autoCommitOnClose -> false, automaticTestTable -> null, breakAfterAcquireFailure -> false, checkoutTimeout -> 0, connectionCustomizerClassName -> null, connectionTesterClassName -> com.mchange.v2.c3p0.impl.DefaultConnectionTester, contextClassLoaderSource -> caller, dataSourceName -> 2t3zi59s7k360gr9hd67|5bda8e08, debugUnreturnedConnectionStackTraces -> false, description -> null, driverClass -> com.mysql.jdbc.Driver, extensions -> {}, factoryClassLocation -> null, forceIgnoreUnresolvedTransactions -> false, forceSynchronousCheckins -> false, forceUseNamedDriverClass -> false, identityToken -> 2t3zi59s7k360gr9hd67|5bda8e08, idleConnectionTestPeriod -> 0, initialPoolSize -> 3, jdbcUrl -> jdbc:mysql://localhost:3306/tiantiantao?useUnicode=true&characterEncoding=UTF-8, maxAdministrativeTaskTime -> 0, maxConnectionAge -> 0, maxIdleTime -> 0, maxIdleTimeExcessConnections -> 0, maxPoolSize -> 15, maxStatements -> 0, maxStatementsPerConnection -> 0, minPoolSize -> 3, numHelperThreads -> 3, preferredTestQuery -> null, privilegeSpawnedThreads -> false, properties -> {user=******, password=******}, propertyCycle -> 0, statementCacheNumDeferredCloseThreads -> 0, testConnectionOnCheckin -> false, testConnectionOnCheckout -> false, unreturnedConnectionTimeout -> 0, userOverrides -> {}, usesTraditionalReflectiveProxies -> false ]
[INFO][Thread-1][2017-12-03 15:18:13][org.springframework.context.support.AbstractApplicationContext] - Closing org.springframework.context.support.GenericApplicationContext@66480dd7: startup date [Sun Dec 03 15:18:10 CST 2017]; root of context hierarchy
[INFO][main][2017-12-03 16:51:17][org.springframework.test.context.support.AbstractTestContextBootstrapper] - Loaded default TestExecutionListener class names from location [META-INF/spring.factories]: [org.springframework.test.context.web.ServletTestExecutionListener, org.springframework.test.context.support.DirtiesContextBeforeModesTestExecutionListener, org.springframework.test.context.support.DependencyInjectionTestExecutionListener, org.springframework.test.context.support.DirtiesContextTestExecutionListener, org.springframework.test.context.transaction.TransactionalTestExecutionListener, org.springframework.test.context.jdbc.SqlScriptsTestExecutionListener]
[INFO][main][2017-12-03 16:51:17][org.springframework.test.context.support.AbstractTestContextBootstrapper] - Using TestExecutionListeners: [org.springframework.test.context.web.ServletTestExecutionListener@3532ec19, org.springframework.test.context.support.DirtiesContextBeforeModesTestExecutionListener@68c4039c, org.springframework.test.context.support.DependencyInjectionTestExecutionListener@ae45eb6, org.springframework.test.context.support.DirtiesContextTestExecutionListener@59f99ea, org.springframework.test.context.transaction.TransactionalTestExecutionListener@27efef64, org.springframework.test.context.jdbc.SqlScriptsTestExecutionListener@6f7fd0e6]
[INFO][main][2017-12-03 16:51:17][org.springframework.beans.factory.xml.XmlBeanDefinitionReader] - Loading XML bean definitions from class path resource [spring-mybatis.xml]
[INFO][main][2017-12-03 16:51:17][org.springframework.context.support.AbstractApplicationContext] - Refreshing org.springframework.context.support.GenericApplicationContext@66480dd7: startup date [Sun Dec 03 16:51:17 CST 2017]; root of context hierarchy
[INFO][MLog-Init-Reporter][2017-12-03 16:51:18][com.mchange.v2.log.slf4j.Slf4jMLog$Slf4jMLogger$InfoLogger] - MLog clients using slf4j logging.
[INFO][main][2017-12-03 16:51:19][com.mchange.v2.log.slf4j.Slf4jMLog$Slf4jMLogger$InfoLogger] - Initializing c3p0-0.9.5.2 [built 08-December-2015 22:06:04 -0800; debug? true; trace: 10]
[INFO][main][2017-12-03 16:51:21][com.mchange.v2.log.slf4j.Slf4jMLog$Slf4jMLogger$InfoLogger] - Initializing c3p0 pool... com.mchange.v2.c3p0.ComboPooledDataSource [ acquireIncrement -> 3, acquireRetryAttempts -> 30, acquireRetryDelay -> 1000, autoCommitOnClose -> false, automaticTestTable -> null, breakAfterAcquireFailure -> false, checkoutTimeout -> 0, connectionCustomizerClassName -> null, connectionTesterClassName -> com.mchange.v2.c3p0.impl.DefaultConnectionTester, contextClassLoaderSource -> caller, dataSourceName -> 2t3zi59s7nex8h1wvhmrj|5dda768f, debugUnreturnedConnectionStackTraces -> false, description -> null, driverClass -> com.mysql.jdbc.Driver, extensions -> {}, factoryClassLocation -> null, forceIgnoreUnresolvedTransactions -> false, forceSynchronousCheckins -> false, forceUseNamedDriverClass -> false, identityToken -> 2t3zi59s7nex8h1wvhmrj|5dda768f, idleConnectionTestPeriod -> 0, initialPoolSize -> 3, jdbcUrl -> jdbc:mysql://localhost:3306/tiantiantao?useUnicode=true&characterEncoding=UTF-8, maxAdministrativeTaskTime -> 0, maxConnectionAge -> 0, maxIdleTime -> 0, maxIdleTimeExcessConnections -> 0, maxPoolSize -> 15, maxStatements -> 0, maxStatementsPerConnection -> 0, minPoolSize -> 3, numHelperThreads -> 3, preferredTestQuery -> null, privilegeSpawnedThreads -> false, properties -> {user=******, password=******}, propertyCycle -> 0, statementCacheNumDeferredCloseThreads -> 0, testConnectionOnCheckin -> false, testConnectionOnCheckout -> false, unreturnedConnectionTimeout -> 0, userOverrides -> {}, usesTraditionalReflectiveProxies -> false ]
[INFO][Thread-1][2017-12-03 16:51:21][org.springframework.context.support.AbstractApplicationContext] - Closing org.springframework.context.support.GenericApplicationContext@66480dd7: startup date [Sun Dec 03 16:51:17 CST 2017]; root of context hierarchy
[INFO][main][2017-12-03 21:40:56][org.springframework.test.context.support.AbstractTestContextBootstrapper] - Loaded default TestExecutionListener class names from location [META-INF/spring.factories]: [org.springframework.test.context.web.ServletTestExecutionListener, org.springframework.test.context.support.DirtiesContextBeforeModesTestExecutionListener, org.springframework.test.context.support.DependencyInjectionTestExecutionListener, org.springframework.test.context.support.DirtiesContextTestExecutionListener, org.springframework.test.context.transaction.TransactionalTestExecutionListener, org.springframework.test.context.jdbc.SqlScriptsTestExecutionListener]
[INFO][main][2017-12-03 21:40:57][org.springframework.test.context.support.AbstractTestContextBootstrapper] - Using TestExecutionListeners: [org.springframework.test.context.web.ServletTestExecutionListener@3532ec19, org.springframework.test.context.support.DirtiesContextBeforeModesTestExecutionListener@68c4039c, org.springframework.test.context.support.DependencyInjectionTestExecutionListener@ae45eb6, org.springframework.test.context.support.DirtiesContextTestExecutionListener@59f99ea, org.springframework.test.context.transaction.TransactionalTestExecutionListener@27efef64, org.springframework.test.context.jdbc.SqlScriptsTestExecutionListener@6f7fd0e6]
[INFO][main][2017-12-03 21:40:57][org.springframework.beans.factory.xml.XmlBeanDefinitionReader] - Loading XML bean definitions from class path resource [spring-mybatis.xml]
[INFO][main][2017-12-03 21:40:57][org.springframework.context.support.AbstractApplicationContext] - Refreshing org.springframework.context.support.GenericApplicationContext@66480dd7: startup date [Sun Dec 03 21:40:57 CST 2017]; root of context hierarchy
[INFO][MLog-Init-Reporter][2017-12-03 21:40:58][com.mchange.v2.log.slf4j.Slf4jMLog$Slf4jMLogger$InfoLogger] - MLog clients using slf4j logging.
[INFO][main][2017-12-03 21:40:58][com.mchange.v2.log.slf4j.Slf4jMLog$Slf4jMLogger$InfoLogger] - Initializing c3p0-0.9.5.2 [built 08-December-2015 22:06:04 -0800; debug? true; trace: 10]
[INFO][main][2017-12-03 21:41:00][com.mchange.v2.log.slf4j.Slf4jMLog$Slf4jMLogger$InfoLogger] - Initializing c3p0 pool... com.mchange.v2.c3p0.ComboPooledDataSource [ acquireIncrement -> 3, acquireRetryAttempts -> 30, acquireRetryDelay -> 1000, autoCommitOnClose -> false, automaticTestTable -> null, breakAfterAcquireFailure -> false, checkoutTimeout -> 0, connectionCustomizerClassName -> null, connectionTesterClassName -> com.mchange.v2.c3p0.impl.DefaultConnectionTester, contextClassLoaderSource -> caller, dataSourceName -> 2t3zi59s7xrfkoe98p2q|26b3fd41, debugUnreturnedConnectionStackTraces -> false, description -> null, driverClass -> com.mysql.jdbc.Driver, extensions -> {}, factoryClassLocation -> null, forceIgnoreUnresolvedTransactions -> false, forceSynchronousCheckins -> false, forceUseNamedDriverClass -> false, identityToken -> 2t3zi59s7xrfkoe98p2q|26b3fd41, idleConnectionTestPeriod -> 0, initialPoolSize -> 3, jdbcUrl -> jdbc:mysql://localhost:3306/tiantiantao?useUnicode=true&characterEncoding=UTF-8, maxAdministrativeTaskTime -> 0, maxConnectionAge -> 0, maxIdleTime -> 0, maxIdleTimeExcessConnections -> 0, maxPoolSize -> 15, maxStatements -> 0, maxStatementsPerConnection -> 0, minPoolSize -> 3, numHelperThreads -> 3, preferredTestQuery -> null, privilegeSpawnedThreads -> false, properties -> {user=******, password=******}, propertyCycle -> 0, statementCacheNumDeferredCloseThreads -> 0, testConnectionOnCheckin -> false, testConnectionOnCheckout -> false, unreturnedConnectionTimeout -> 0, userOverrides -> {}, usesTraditionalReflectiveProxies -> false ]
[INFO][Thread-1][2017-12-03 21:41:00][org.springframework.context.support.AbstractApplicationContext] - Closing org.springframework.context.support.GenericApplicationContext@66480dd7: startup date [Sun Dec 03 21:40:57 CST 2017]; root of context hierarchy
[INFO][main][2017-12-14 22:20:00][org.springframework.test.context.support.AbstractTestContextBootstrapper] - Loaded default TestExecutionListener class names from location [META-INF/spring.factories]: [org.springframework.test.context.web.ServletTestExecutionListener, org.springframework.test.context.support.DirtiesContextBeforeModesTestExecutionListener, org.springframework.test.context.support.DependencyInjectionTestExecutionListener, org.springframework.test.context.support.DirtiesContextTestExecutionListener, org.springframework.test.context.transaction.TransactionalTestExecutionListener, org.springframework.test.context.jdbc.SqlScriptsTestExecutionListener]
[INFO][main][2017-12-14 22:20:00][org.springframework.test.context.support.AbstractTestContextBootstrapper] - Using TestExecutionListeners: [org.springframework.test.context.web.ServletTestExecutionListener@4501b7af, org.springframework.test.context.support.DirtiesContextBeforeModesTestExecutionListener@523884b2, org.springframework.test.context.support.DependencyInjectionTestExecutionListener@5b275dab, org.springframework.test.context.support.DirtiesContextTestExecutionListener@61832929, org.springframework.test.context.transaction.TransactionalTestExecutionListener@29774679, org.springframework.test.context.jdbc.SqlScriptsTestExecutionListener@3ffc5af1]
[INFO][main][2017-12-14 22:20:01][org.springframework.beans.factory.xml.XmlBeanDefinitionReader] - Loading XML bean definitions from class path resource [spring-mvc.xml]
[INFO][main][2017-12-14 22:20:01][org.springframework.context.support.AbstractApplicationContext] - Refreshing org.springframework.context.support.GenericApplicationContext@31dc339b: startup date [Thu Dec 14 22:20:01 CST 2017]; root of context hierarchy
[WARN][main][2017-12-14 22:20:02][org.springframework.context.support.AbstractApplicationContext] - Exception encountered during context initialization - cancelling refresh attempt: org.springframework.beans.factory.UnsatisfiedDependencyException: Error creating bean with name 'goodManagementController': Unsatisfied dependency expressed through field 'goodManagementService'; nested exception is org.springframework.beans.factory.NoSuchBeanDefinitionException: No qualifying bean of type 'com.sirLiu.ttt_ssm.service.GoodManagementService' available: expected at least 1 bean which qualifies as autowire candidate. Dependency annotations: {@org.springframework.beans.factory.annotation.Autowired(required=true)}
[ERROR][main][2017-12-14 22:20:02][org.springframework.test.context.TestContextManager] - Caught exception while allowing TestExecutionListener [org.springframework.test.context.support.DependencyInjectionTestExecutionListener@5b275dab] to prepare test instance [com.sirLiu.ttt_ssm.test.AllTest@217ed35e]
java.lang.IllegalStateException: Failed to load ApplicationContext
	at org.springframework.test.context.cache.DefaultCacheAwareContextLoaderDelegate.loadContext(DefaultCacheAwareContextLoaderDelegate.java:124)
	at org.springframework.test.context.support.DefaultTestContext.getApplicationContext(DefaultTestContext.java:83)
	at org.springframework.test.context.support.DependencyInjectionTestExecutionListener.injectDependencies(DependencyInjectionTestExecutionListener.java:117)
	at org.springframework.test.context.support.DependencyInjectionTestExecutionListener.prepareTestInstance(DependencyInjectionTestExecutionListener.java:83)
	at org.springframework.test.context.TestContextManager.prepareTestInstance(TestContextManager.java:230)
	at org.springframework.test.context.junit4.SpringJUnit4ClassRunner.createTest(SpringJUnit4ClassRunner.java:228)
	at org.springframework.test.context.junit4.SpringJUnit4ClassRunner$1.runReflectiveCall(SpringJUnit4ClassRunner.java:287)
	at org.junit.internal.runners.model.ReflectiveCallable.run(ReflectiveCallable.java:12)
	at org.springframework.test.context.junit4.SpringJUnit4ClassRunner.methodBlock(SpringJUnit4ClassRunner.java:289)
	at org.springframework.test.context.junit4.SpringJUnit4ClassRunner.runChild(SpringJUnit4ClassRunner.java:247)
	at org.springframework.test.context.junit4.SpringJUnit4ClassRunner.runChild(SpringJUnit4ClassRunner.java:94)
	at org.junit.runners.ParentRunner$3.run(ParentRunner.java:290)
	at org.junit.runners.ParentRunner$1.schedule(ParentRunner.java:71)
	at org.junit.runners.ParentRunner.runChildren(ParentRunner.java:288)
	at org.junit.runners.ParentRunner.access$000(ParentRunner.java:58)
	at org.junit.runners.ParentRunner$2.evaluate(ParentRunner.java:268)
	at org.springframework.test.context.junit4.statements.RunBeforeTestClassCallbacks.evaluate(RunBeforeTestClassCallbacks.java:61)
	at org.springframework.test.context.junit4.statements.RunAfterTestClassCallbacks.evaluate(RunAfterTestClassCallbacks.java:70)
	at org.junit.runners.ParentRunner.run(ParentRunner.java:363)
	at org.springframework.test.context.junit4.SpringJUnit4ClassRunner.run(SpringJUnit4ClassRunner.java:191)
	at org.junit.runner.JUnitCore.run(JUnitCore.java:137)
	at com.intellij.junit4.JUnit4IdeaTestRunner.startRunnerWithArgs(JUnit4IdeaTestRunner.java:68)
	at com.intellij.rt.execution.junit.IdeaTestRunner$Repeater.startRunnerWithArgs(IdeaTestRunner.java:51)
	at com.intellij.rt.execution.junit.JUnitStarter.prepareStreamsAndStart(JUnitStarter.java:242)
	at com.intellij.rt.execution.junit.JUnitStarter.main(JUnitStarter.java:70)
Caused by: org.springframework.beans.factory.UnsatisfiedDependencyException: Error creating bean with name 'goodManagementController': Unsatisfied dependency expressed through field 'goodManagementService'; nested exception is org.springframework.beans.factory.NoSuchBeanDefinitionException: No qualifying bean of type 'com.sirLiu.ttt_ssm.service.GoodManagementService' available: expected at least 1 bean which qualifies as autowire candidate. Dependency annotations: {@org.springframework.beans.factory.annotation.Autowired(required=true)}
	at org.springframework.beans.factory.annotation.AutowiredAnnotationBeanPostProcessor$AutowiredFieldElement.inject(AutowiredAnnotationBeanPostProcessor.java:588)
	at org.springframework.beans.factory.annotation.InjectionMetadata.inject(InjectionMetadata.java:88)
	at org.springframework.beans.factory.annotation.AutowiredAnnotationBeanPostProcessor.postProcessPropertyValues(AutowiredAnnotationBeanPostProcessor.java:366)
	at org.springframework.beans.factory.support.AbstractAutowireCapableBeanFactory.populateBean(AbstractAutowireCapableBeanFactory.java:1264)
	at org.springframework.beans.factory.support.AbstractAutowireCapableBeanFactory.doCreateBean(AbstractAutowireCapableBeanFactory.java:553)
	at org.springframework.beans.factory.support.AbstractAutowireCapableBeanFactory.createBean(AbstractAutowireCapableBeanFactory.java:483)
	at org.springframework.beans.factory.support.AbstractBeanFactory$1.getObject(AbstractBeanFactory.java:306)
	at org.springframework.beans.factory.support.DefaultSingletonBeanRegistry.getSingleton(DefaultSingletonBeanRegistry.java:230)
	at org.springframework.beans.factory.support.AbstractBeanFactory.doGetBean(AbstractBeanFactory.java:302)
	at org.springframework.beans.factory.support.AbstractBeanFactory.getBean(AbstractBeanFactory.java:197)
	at org.springframework.beans.factory.support.DefaultListableBeanFactory.preInstantiateSingletons(DefaultListableBeanFactory.java:761)
	at org.springframework.context.support.AbstractApplicationContext.finishBeanFactoryInitialization(AbstractApplicationContext.java:867)
	at org.springframework.context.support.AbstractApplicationContext.refresh(AbstractApplicationContext.java:543)
	at org.springframework.test.context.support.AbstractGenericContextLoader.loadContext(AbstractGenericContextLoader.java:128)
	at org.springframework.test.context.support.AbstractGenericContextLoader.loadContext(AbstractGenericContextLoader.java:60)
	at org.springframework.test.context.support.AbstractDelegatingSmartContextLoader.delegateLoading(AbstractDelegatingSmartContextLoader.java:108)
	at org.springframework.test.context.support.AbstractDelegatingSmartContextLoader.loadContext(AbstractDelegatingSmartContextLoader.java:251)
	at org.springframework.test.context.cache.DefaultCacheAwareContextLoaderDelegate.loadContextInternal(DefaultCacheAwareContextLoaderDelegate.java:98)
	at org.springframework.test.context.cache.DefaultCacheAwareContextLoaderDelegate.loadContext(DefaultCacheAwareContextLoaderDelegate.java:116)
	... 24 more
Caused by: org.springframework.beans.factory.NoSuchBeanDefinitionException: No qualifying bean of type 'com.sirLiu.ttt_ssm.service.GoodManagementService' available: expected at least 1 bean which qualifies as autowire candidate. Dependency annotations: {@org.springframework.beans.factory.annotation.Autowired(required=true)}
	at org.springframework.beans.factory.support.DefaultListableBeanFactory.raiseNoMatchingBeanFound(DefaultListableBeanFactory.java:1493)
	at org.springframework.beans.factory.support.DefaultListableBeanFactory.doResolveDependency(DefaultListableBeanFactory.java:1104)
	at org.springframework.beans.factory.support.DefaultListableBeanFactory.resolveDependency(DefaultListableBeanFactory.java:1066)
	at org.springframework.beans.factory.annotation.AutowiredAnnotationBeanPostProcessor$AutowiredFieldElement.inject(AutowiredAnnotationBeanPostProcessor.java:585)
	... 42 more
[INFO][main][2017-12-14 22:21:21][org.springframework.test.context.support.AbstractContextLoader] - Could not detect default resource locations for test class [com.sirLiu.ttt_ssm.test.AllTest]: no resource found for suffixes {-context.xml}.
[INFO][main][2017-12-14 22:21:21][org.springframework.test.context.support.AnnotationConfigContextLoaderUtils] - Could not detect default configuration classes for test class [com.sirLiu.ttt_ssm.test.AllTest]: AllTest does not declare any static, non-private, non-final, nested classes annotated with @Configuration.
[INFO][main][2017-12-14 22:26:00][org.springframework.test.context.support.AbstractTestContextBootstrapper] - Neither @ContextConfiguration nor @ContextHierarchy found for test class [com.sirLiu.ttt_ssm.test.AllTest], using DelegatingSmartContextLoader
[INFO][main][2017-12-14 22:26:00][org.springframework.test.context.support.AbstractContextLoader] - Could not detect default resource locations for test class [com.sirLiu.ttt_ssm.test.AllTest]: no resource found for suffixes {-context.xml}.
[INFO][main][2017-12-14 22:26:00][org.springframework.test.context.support.AnnotationConfigContextLoaderUtils] - Could not detect default configuration classes for test class [com.sirLiu.ttt_ssm.test.AllTest]: AllTest does not declare any static, non-private, non-final, nested classes annotated with @Configuration.
[INFO][main][2017-12-14 22:26:00][org.springframework.test.context.support.AbstractTestContextBootstrapper] - Loaded default TestExecutionListener class names from location [META-INF/spring.factories]: [org.springframework.test.context.web.ServletTestExecutionListener, org.springframework.test.context.support.DirtiesContextBeforeModesTestExecutionListener, org.springframework.test.context.support.DependencyInjectionTestExecutionListener, org.springframework.test.context.support.DirtiesContextTestExecutionListener, org.springframework.test.context.transaction.TransactionalTestExecutionListener, org.springframework.test.context.jdbc.SqlScriptsTestExecutionListener]
[INFO][main][2017-12-14 22:26:00][org.springframework.test.context.support.AbstractTestContextBootstrapper] - Using TestExecutionListeners: [org.springframework.test.context.web.ServletTestExecutionListener@457e2f02, org.springframework.test.context.support.DirtiesContextBeforeModesTestExecutionListener@5c7fa833, org.springframework.test.context.support.DependencyInjectionTestExecutionListener@39aeed2f, org.springframework.test.context.support.DirtiesContextTestExecutionListener@724af044, org.springframework.test.context.transaction.TransactionalTestExecutionListener@4678c730, org.springframework.test.context.jdbc.SqlScriptsTestExecutionListener@6767c1fc]
[ERROR][main][2017-12-14 22:26:00][org.springframework.test.context.TestContextManager] - Caught exception while allowing TestExecutionListener [org.springframework.test.context.support.DependencyInjectionTestExecutionListener@39aeed2f] to prepare test instance [com.sirLiu.ttt_ssm.test.AllTest@1a968a59]
java.lang.IllegalStateException: Failed to load ApplicationContext
	at org.springframework.test.context.cache.DefaultCacheAwareContextLoaderDelegate.loadContext(DefaultCacheAwareContextLoaderDelegate.java:124)
	at org.springframework.test.context.support.DefaultTestContext.getApplicationContext(DefaultTestContext.java:83)
	at org.springframework.test.context.support.DependencyInjectionTestExecutionListener.injectDependencies(DependencyInjectionTestExecutionListener.java:117)
	at org.springframework.test.context.support.DependencyInjectionTestExecutionListener.prepareTestInstance(DependencyInjectionTestExecutionListener.java:83)
	at org.springframework.test.context.TestContextManager.prepareTestInstance(TestContextManager.java:230)
	at org.springframework.test.context.junit4.SpringJUnit4ClassRunner.createTest(SpringJUnit4ClassRunner.java:228)
	at org.springframework.test.context.junit4.SpringJUnit4ClassRunner$1.runReflectiveCall(SpringJUnit4ClassRunner.java:287)
	at org.junit.internal.runners.model.ReflectiveCallable.run(ReflectiveCallable.java:12)
	at org.springframework.test.context.junit4.SpringJUnit4ClassRunner.methodBlock(SpringJUnit4ClassRunner.java:289)
	at org.springframework.test.context.junit4.SpringJUnit4ClassRunner.runChild(SpringJUnit4ClassRunner.java:247)
	at org.springframework.test.context.junit4.SpringJUnit4ClassRunner.runChild(SpringJUnit4ClassRunner.java:94)
	at org.junit.runners.ParentRunner$3.run(ParentRunner.java:290)
	at org.junit.runners.ParentRunner$1.schedule(ParentRunner.java:71)
	at org.junit.runners.ParentRunner.runChildren(ParentRunner.java:288)
	at org.junit.runners.ParentRunner.access$000(ParentRunner.java:58)
	at org.junit.runners.ParentRunner$2.evaluate(ParentRunner.java:268)
	at org.springframework.test.context.junit4.statements.RunBeforeTestClassCallbacks.evaluate(RunBeforeTestClassCallbacks.java:61)
	at org.springframework.test.context.junit4.statements.RunAfterTestClassCallbacks.evaluate(RunAfterTestClassCallbacks.java:70)
	at org.junit.runners.ParentRunner.run(ParentRunner.java:363)
	at org.springframework.test.context.junit4.SpringJUnit4ClassRunner.run(SpringJUnit4ClassRunner.java:191)
	at org.junit.runner.JUnitCore.run(JUnitCore.java:137)
	at com.intellij.junit4.JUnit4IdeaTestRunner.startRunnerWithArgs(JUnit4IdeaTestRunner.java:68)
	at com.intellij.rt.execution.junit.IdeaTestRunner$Repeater.startRunnerWithArgs(IdeaTestRunner.java:51)
	at com.intellij.rt.execution.junit.JUnitStarter.prepareStreamsAndStart(JUnitStarter.java:242)
	at com.intellij.rt.execution.junit.JUnitStarter.main(JUnitStarter.java:70)
Caused by: java.lang.IllegalStateException: Neither GenericXmlContextLoader nor AnnotationConfigContextLoader was able to load an ApplicationContext from [MergedContextConfiguration@548e7350 testClass = AllTest, locations = '{}', classes = '{}', contextInitializerClasses = '[]', activeProfiles = '{}', propertySourceLocations = '{}', propertySourceProperties = '{}', contextCustomizers = set[[empty]], contextLoader = 'org.springframework.test.context.support.DelegatingSmartContextLoader', parent = [null]].
	at org.springframework.test.context.support.AbstractDelegatingSmartContextLoader.loadContext(AbstractDelegatingSmartContextLoader.java:263)
	at org.springframework.test.context.cache.DefaultCacheAwareContextLoaderDelegate.loadContextInternal(DefaultCacheAwareContextLoaderDelegate.java:98)
	at org.springframework.test.context.cache.DefaultCacheAwareContextLoaderDelegate.loadContext(DefaultCacheAwareContextLoaderDelegate.java:116)
	... 24 more
[INFO][main][2017-12-14 22:26:27][org.springframework.test.context.support.AbstractContextLoader] - Could not detect default resource locations for test class [com.sirLiu.ttt_ssm.test.AllTest]: no resource found for suffixes {-context.xml}.
[INFO][main][2017-12-14 22:26:27][org.springframework.test.context.support.AnnotationConfigContextLoaderUtils] - Could not detect default configuration classes for test class [com.sirLiu.ttt_ssm.test.AllTest]: AllTest does not declare any static, non-private, non-final, nested classes annotated with @Configuration.
[INFO][main][2017-12-14 22:28:04][org.springframework.test.context.support.AbstractContextLoader] - Could not detect default resource locations for test class [com.sirLiu.ttt_ssm.test.AllTest]: no resource found for suffixes {-context.xml}.
[INFO][main][2017-12-14 22:28:04][org.springframework.test.context.support.AnnotationConfigContextLoaderUtils] - Could not detect default configuration classes for test class [com.sirLiu.ttt_ssm.test.AllTest]: AllTest does not declare any static, non-private, non-final, nested classes annotated with @Configuration.
